2003.09.26 09:43 B C:\websites\flooringsolutionsinc\gallery\acli_small.jpg --> ftp.jamorr.com /top_flight_2000/flooringsolutionsinc/gallery acli_small.jpg
2003.09.26 09:43 B C:\websites\flooringsolutionsinc\gallery\airplane.jpg --> ftp.jamorr.com /top_flight_2000/flooringsolutionsinc/gallery airplane.jpg
2003.09.26 09:43 B C:\websites\flooringsolutionsinc\gallery\airplane_small.jpg --> ftp.jamorr.com /top_flight_2000/flooringsolutionsinc/gallery airplane_small.jpg
2003.09.26 09:43 B C:\websites\flooringsolutionsinc\gallery\capitol.jpg --> ftp.jamorr.com /top_flight_2000/flooringsolutionsinc/gallery capitol.jpg
2003.09.26 09:43 B C:\websites\flooringsolutionsinc\gallery\capitol_small.jpg --> ftp.jamorr.com /top_flight_2000/flooringsolutionsinc/gallery capitol_small.jpg
2003.09.26 09:43 B C:\websites\flooringsolutionsinc\gallery\CapOne13-10a_small.jpg --> ftp.jamorr.com /top_flight_2000/flooringsolutionsinc/gallery CapOne13-10a_small.jpg
2003.09.26 09:43 B C:\websites\flooringsolutionsinc\gallery\CapOne13-13a_small.jpg --> ftp.jamorr.com /top_flight_2000/flooringsolutionsinc/gallery CapOne13-13a_small.jpg
2003.09.26 09:43 B C:\websites\flooringsolutionsinc\gallery\CapOne13-15a_small.jpg --> ftp.jamorr.com /top_flight_2000/flooringsolutionsinc/gallery CapOne13-15a_small.jpg
2003.09.26 09:43 B C:\websites\flooringsolutionsinc\gallery\CapOne13-16a_small.jpg --> ftp.jamorr.com /top_flight_2000/flooringsolutionsinc/gallery CapOne13-16a_small.jpg
2003.09.26 09:43 B C:\websites\flooringsolutionsinc\gallery\CapOne13-4a_small.jpg --> ftp.jamorr.com /top_flight_2000/flooringsolutionsinc/gallery CapOne13-4a_small.jpg
2003.09.26 09:43 B C:\websites\flooringsolutionsinc\gallery\CapOne13-9a_small.jpg --> ftp.jamorr.com /top_flight_2000/flooringsolutionsinc/gallery CapOne13-9a_small.jpg
2003.09.26 09:43 B C:\websites\flooringsolutionsinc\gallery\CapOne13a_small.jpg --> ftp.jamorr.com /top_flight_2000/flooringsolutionsinc/gallery CapOne13a_small.jpg
2003.09.26 09:43 B C:\websites\flooringsolutionsinc\gallery\CapOne2frDining2a_small.jpg --> ftp.jamorr.com /top_flight_2000/flooringsolutionsinc/gallery CapOne2frDining2a_small.jpg
2003.09.26 09:43 B C:\websites\flooringsolutionsinc\gallery\CapOne2frDining3a_small.jpg --> ftp.jamorr.com /top_flight_2000/flooringsolutionsinc/gallery CapOne2frDining3a_small.jpg
2003.09.26 09:43 B C:\websites\flooringsolutionsinc\gallery\CapOne2frDining8a_small.jpg --> ftp.jamorr.com /top_flight_2000/flooringsolutionsinc/gallery CapOne2frDining8a_small.jpg
2003.09.26 09:43 B C:\websites\flooringsolutionsinc\gallery\carpet1.jpg --> ftp.jamorr.com /top_flight_2000/flooringsolutionsinc/gallery carpet1.jpg
2003.09.26 09:43 B C:\websites\flooringsolutionsinc\gallery\carpet2.jpg --> ftp.jamorr.com /top_flight_2000/flooringsolutionsinc/gallery carpet2.jpg
2003.09.26 09:43 B C:\websites\flooringsolutionsinc\gallery\cfi.jpg --> ftp.jamorr.com /top_flight_2000/flooringsolutionsinc/gallery cfi.jpg
2003.09.26 09:43 B C:\websites\flooringsolutionsinc\gallery\CH-029S.jpg --> ftp.jamorr.com /top_flight_2000/flooringsolutionsinc/gallery CH-029S.jpg
2003.09.26 09:43 B C:\websites\flooringsolutionsinc\gallery\CH-029S_small.jpg --> ftp.jamorr.com /top_flight_2000/flooringsolutionsinc/gallery CH-029S_small.jpg
2003.09.26 09:43 B C:\websites\flooringsolutionsinc\gallery\CH-036S.jpg --> ftp.jamorr.com /top_flight_2000/flooringsolutionsinc/gallery CH-036S.jpg
2003.09.26 09:43 B C:\websites\flooringsolutionsinc\gallery\CH-036S_small.jpg --> ftp.jamorr.com /top_flight_2000/flooringsolutionsinc/gallery CH-036S_small.jpg
2003.09.26 09:43 B C:\websites\flooringsolutionsinc\gallery\CH-039S.jpg --> ftp.jamorr.com /top_flight_2000/flooringsolutionsinc/gallery CH-039S.jpg
2003.09.26 09:43 B C:\websites\flooringsolutionsinc\gallery\CH-039S_small.jpg --> ftp.jamorr.com /top_flight_2000/flooringsolutionsinc/gallery CH-039S_small.jpg
2003.09.26 09:43 B C:\websites\flooringsolutionsinc\gallery\CH-042S.jpg --> ftp.jamorr.com /top_flight_2000/flooringsolutionsinc/gallery CH-042S.jpg
2003.09.26 09:43 B C:\websites\flooringsolutionsinc\gallery\CH-042S_small.jpg --> ftp.jamorr.com /top_flight_2000/flooringsolutionsinc/gallery CH-042S_small.jpg
2003.09.26 09:43 B C:\websites\flooringsolutionsinc\gallery\CH-046S.jpg --> ftp.jamorr.com /top_flight_2000/flooringsolutionsinc/gallery CH-046S.jpg
2003.09.26 09:43 B C:\websites\flooringsolutionsinc\gallery\CH-046S_small.jpg --> ftp.jamorr.com /top_flight_2000/flooringsolutionsinc/gallery CH-046S_small.jpg
2003.09.26 09:43 B C:\websites\flooringsolutionsinc\gallery\CH-047S.jpg --> ftp.jamorr.com /top_flight_2000/flooringsolutionsinc/gallery CH-047S.jpg
2003.09.26 09:43 B C:\websites\flooringsolutionsinc\gallery\CH-047S_small.jpg --> ftp.jamorr.com /top_flight_2000/flooringsolutionsinc/gallery CH-047S_small.jpg
2003.09.26 09:43 B C:\websites\flooringsolutionsinc\gallery\CH-048S.jpg --> ftp.jamorr.com /top_flight_2000/flooringsolutionsinc/gallery CH-048S.jpg
2003.09.26 09:43 B C:\websites\flooringsolutionsinc\gallery\CH-048S_small.jpg --> ftp.jamorr.com /top_flight_2000/flooringsolutionsinc/gallery CH-048S_small.jpg
2003.09.26 09:43 B C:\websites\flooringsolutionsinc\gallery\CH-050S.jpg --> ftp.jamorr.com /top_flight_2000/flooringsolutionsinc/gallery CH-050S.jpg
2003.09.26 09:43 B C:\websites\flooringsolutionsinc\gallery\CH-050S_small.jpg --> ftp.jamorr.com /top_flight_2000/flooringsolutionsinc/gallery CH-050S_small.jpg
2003.09.26 09:43 B C:\websites\flooringsolutionsinc\gallery\CH-052S.jpg --> ftp.jamorr.com /top_flight_2000/flooringsolutionsinc/gallery CH-052S.jpg
2003.09.26 09:43 B C:\websites\flooringsolutionsinc\gallery\CH-052S_small.jpg --> ftp.jamorr.com /top_flight_2000/flooringsolutionsinc/gallery CH-052S_small.jpg
2003.09.26 09:43 B C:\websites\flooringsolutionsinc\gallery\clouds.jpg --> ftp.jamorr.com /top_flight_2000/flooringsolutionsinc/gallery clouds.jpg
2003.09.26 09:43 B C:\websites\flooringsolutionsinc\gallery\clouds_small.jpg --> ftp.jamorr.com /top_flight_2000/flooringsolutionsinc/gallery clouds_small.jpg
2003.09.26 09:43 B C:\websites\flooringsolutionsinc\gallery\concrete.jpg --> ftp.jamorr.com /top_flight_2000/flooringsolutionsinc/gallery concrete.jpg
2003.09.26 09:43 B C:\websites\flooringsolutionsinc\gallery\concrete2.jpg --> ftp.jamorr.com /top_flight_2000/flooringsolutionsinc/gallery concrete2.jpg
2003.09.26 09:43 B C:\websites\flooringsolutionsinc\gallery\concrete3.jpg --> ftp.jamorr.com /top_flight_2000/flooringsolutionsinc/gallery concrete3.jpg
2003.09.26 09:43 B C:\websites\flooringsolutionsinc\gallery\conf_room.jpg --> ftp.jamorr.com /top_flight_2000/flooringsolutionsinc/gallery conf_room.jpg
2003.09.26 09:43 B C:\websites\flooringsolutionsinc\gallery\conf_room_small.jpg --> ftp.jamorr.com /top_flight_2000/flooringsolutionsinc/gallery conf_room_small.jpg
2003.09.26 09:43 B C:\websites\flooringsolutionsinc\gallery\CovLife-Church-003.jpg --> ftp.jamorr.com /top_flight_2000/flooringsolutionsinc/gallery CovLife-Church-003.jpg
2003.09.26 09:43 B C:\websites\flooringsolutionsinc\gallery\CovLife-Church-003_small.jpg --> ftp.jamorr.com /top_flight_2000/flooringsolutionsinc/gallery CovLife-Church-003_small.jpg
2003.09.26 09:43 B C:\websites\flooringsolutionsinc\gallery\CovLife-Church-004.jpg --> ftp.jamorr.com /top_flight_2000/flooringsolutionsinc/gallery CovLife-Church-004.jpg
2003.09.26 09:43 B C:\websites\flooringsolutionsinc\gallery\CovLife-Church-004_small.jpg --> ftp.jamorr.com /top_flight_2000/flooringsolutionsinc/gallery CovLife-Church-004_small.jpg
2003.09.26 09:43 B C:\websites\flooringsolutionsinc\gallery\CovLife-Church-009.jpg --> ftp.jamorr.com /top_flight_2000/flooringsolutionsinc/gallery CovLife-Church-009.jpg
2003.09.26 09:43 B C:\websites\flooringsolutionsinc\gallery\CovLife-Church-009_small.jpg --> ftp.jamorr.com /top_flight_2000/flooringsolutionsinc/gallery CovLife-Church-009_small.jpg
2003.09.26 09:43 B C:\websites\flooringsolutionsinc\gallery\CovLife-Church-010.jpg --> ftp.jamorr.com /top_flight_2000/flooringsolutionsinc/gallery CovLife-Church-010.jpg
2003.09.26 09:43 B C:\websites\flooringsolutionsinc\gallery\CovLife-Church-010_small.jpg --> ftp.jamorr.com /top_flight_2000/flooringsolutionsinc/gallery CovLife-Church-010_small.jpg
2003.09.26 09:43 B C:\websites\flooringsolutionsinc\gallery\CovLife-Church-011.jpg --> ftp.jamorr.com /top_flight_2000/flooringsolutionsinc/gallery CovLife-Church-011.jpg
2003.09.26 09:43 B C:\websites\flooringsolutionsinc\gallery\CovLife-Church-011_small.jpg --> ftp.jamorr.com /top_flight_2000/flooringsolutionsinc/gallery CovLife-Church-011_small.jpg
2003.09.26 09:44 B C:\websites\flooringsolutionsinc\gallery\CovLife-Church-016.jpg --> ftp.jamorr.com /top_flight_2000/flooringsolutionsinc/gallery CovLife-Church-016.jpg
2003.09.26 09:44 B C:\websites\flooringsolutionsinc\gallery\CovLife-Church-016_small.jpg --> ftp.jamorr.com /top_flight_2000/flooringsolutionsinc/gallery CovLife-Church-016_small.jpg
2003.09.26 09:44 B C:\websites\flooringsolutionsinc\gallery\CovLife-Church-021.jpg --> ftp.jamorr.com /top_flight_2000/flooringsolutionsinc/gallery CovLife-Church-021.jpg
2003.09.26 09:44 B C:\websites\flooringsolutionsinc\gallery\CovLife-Church-021_small.jpg --> ftp.jamorr.com /top_flight_2000/flooringsolutionsinc/gallery CovLife-Church-021_small.jpg
2003.09.26 09:44 B C:\websites\flooringsolutionsinc\gallery\CovLife-Church-022.jpg --> ftp.jamorr.com /top_flight_2000/flooringsolutionsinc/gallery CovLife-Church-022.jpg
2003.09.26 09:44 B C:\websites\flooringsolutionsinc\gallery\CovLife-Church-022_small.jpg --> ftp.jamorr.com /top_flight_2000/flooringsolutionsinc/gallery CovLife-Church-022_small.jpg
2003.09.26 09:44 B C:\websites\flooringsolutionsinc\gallery\CovLife-Church-024.jpg --> ftp.jamorr.com /top_flight_2000/flooringsolutionsinc/gallery CovLife-Church-024.jpg
2003.09.26 09:44 B C:\websites\flooringsolutionsinc\gallery\CovLife-Church-024_small.jpg --> ftp.jamorr.com /top_flight_2000/flooringsolutionsinc/gallery CovLife-Church-024_small.jpg
2003.09.26 09:44 B C:\websites\flooringsolutionsinc\gallery\CovLife-Church-027.jpg --> ftp.jamorr.com /top_flight_2000/flooringsolutionsinc/gallery CovLife-Church-027.jpg
2003.09.26 09:44 B C:\websites\flooringsolutionsinc\gallery\CovLife-Church-027_small.jpg --> ftp.jamorr.com /top_flight_2000/flooringsolutionsinc/gallery CovLife-Church-027_small.jpg
2003.09.26 09:44 B C:\websites\flooringsolutionsinc\gallery\CovLife-Church-030.jpg --> ftp.jamorr.com /top_flight_2000/flooringsolutionsinc/gallery CovLife-Church-030.jpg
2003.09.26 09:44 B C:\websites\flooringsolutionsinc\gallery\CovLife-Church-030_small.jpg --> ftp.jamorr.com /top_flight_2000/flooringsolutionsinc/gallery CovLife-Church-030_small.jpg
2003.09.26 09:44 B C:\websites\flooringsolutionsinc\gallery\CovLife-Church-031.jpg --> ftp.jamorr.com /top_flight_2000/flooringsolutionsinc/gallery CovLife-Church-031.jpg
2003.09.26 09:44 B C:\websites\flooringsolutionsinc\gallery\CovLife-Church-031_small.jpg --> ftp.jamorr.com /top_flight_2000/flooringsolutionsinc/gallery CovLife-Church-031_small.jpg
2003.09.26 09:44 B C:\websites\flooringsolutionsinc\gallery\deccornerinlay.jpg --> ftp.jamorr.com /top_flight_2000/flooringsolutionsinc/gallery deccornerinlay.jpg
2003.09.26 09:44 B C:\websites\flooringsolutionsinc\gallery\deccornerinlay_small.jpg --> ftp.jamorr.com /top_flight_2000/flooringsolutionsinc/gallery deccornerinlay_small.jpg
2003.09.26 09:44 B C:\websites\flooringsolutionsinc\gallery\DSC00329a.jpg --> ftp.jamorr.com /top_flight_2000/flooringsolutionsinc/gallery DSC00329a.jpg
2003.09.26 09:44 B C:\websites\flooringsolutionsinc\gallery\DSC00329a_small.jpg --> ftp.jamorr.com /top_flight_2000/flooringsolutionsinc/gallery DSC00329a_small.jpg
2003.09.26 09:44 B C:\websites\flooringsolutionsinc\gallery\DSC00331a.jpg --> ftp.jamorr.com /top_flight_2000/flooringsolutionsinc/gallery DSC00331a.jpg
2003.09.26 09:44 B C:\websites\flooringsolutionsinc\gallery\DSC00331a_small.jpg --> ftp.jamorr.com /top_flight_2000/flooringsolutionsinc/gallery DSC00331a_small.jpg
2003.09.26 09:44 B C:\websites\flooringsolutionsinc\gallery\DSC00334a.jpg --> ftp.jamorr.com /top_flight_2000/flooringsolutionsinc/gallery DSC00334a.jpg
2003.09.26 09:44 B C:\websites\flooringsolutionsinc\gallery\DSC00334a_small.jpg --> ftp.jamorr.com /top_flight_2000/flooringsolutionsinc/gallery DSC00334a_small.jpg
2003.09.26 09:44 B C:\websites\flooringsolutionsinc\gallery\DSC00338a.jpg --> ftp.jamorr.com /top_flight_2000/flooringsolutionsinc/gallery DSC00338a.jpg
2003.09.26 09:44 B C:\websites\flooringsolutionsinc\gallery\DSC00338a_small.jpg --> ftp.jamorr.com /top_flight_2000/flooringsolutionsinc/gallery DSC00338a_small.jpg
2003.09.26 09:44 B C:\websites\flooringsolutionsinc\gallery\DSC00344a_small.jpg --> ftp.jamorr.com /top_flight_2000/flooringsolutionsinc/gallery DSC00344a_small.jpg
2003.09.26 09:44 B C:\websites\flooringsolutionsinc\gallery\DSC00346a.jpg --> ftp.jamorr.com /top_flight_2000/flooringsolutionsinc/gallery DSC00346a.jpg
2003.09.26 09:44 B C:\websites\flooringsolutionsinc\gallery\DSC00346a_small.jpg --> ftp.jamorr.com /top_flight_2000/flooringsolutionsinc/gallery DSC00346a_small.jpg
2003.09.26 09:44 B C:\websites\flooringsolutionsinc\gallery\DSC00347a.jpg --> ftp.jamorr.com /top_flight_2000/flooringsolutionsinc/gallery DSC00347a.jpg
2003.09.26 09:44 B C:\websites\flooringsolutionsinc\gallery\DSC00347a_small.jpg --> ftp.jamorr.com /top_flight_2000/flooringsolutionsinc/gallery DSC00347a_small.jpg
2003.09.26 09:44 B C:\websites\flooringsolutionsinc\gallery\DSC00366a.jpg --> ftp.jamorr.com /top_flight_2000/flooringsolutionsinc/gallery DSC00366a.jpg
2003.09.26 09:45 B C:\websites\flooringsolutionsinc\gallery\DSC00366a_small.jpg --> ftp.jamorr.com /top_flight_2000/flooringsolutionsinc/gallery DSC00366a_small.jpg
2003.09.26 09:45 B C:\websites\flooringsolutionsinc\gallery\JG-02-2565-F.jpg --> ftp.jamorr.com /top_flight_2000/flooringsolutionsinc/gallery JG-02-2565-F.jpg
2003.09.26 09:45 B C:\websites\flooringsolutionsinc\gallery\JG-02-2565-F_small.jpg --> ftp.jamorr.com /top_flight_2000/flooringsolutionsinc/gallery JG-02-2565-F_small.jpg
2003.09.26 09:45 B C:\websites\flooringsolutionsinc\gallery\JG-02-2565-G.jpg --> ftp.jamorr.com /top_flight_2000/flooringsolutionsinc/gallery JG-02-2565-G.jpg
2003.09.26 09:45 B C:\websites\flooringsolutionsinc\gallery\JG-02-2565-G_small.jpg --> ftp.jamorr.com /top_flight_2000/flooringsolutionsinc/gallery JG-02-2565-G_small.jpg
2003.09.26 09:45 B C:\websites\flooringsolutionsinc\gallery\jg-02-2565-L.jpg --> ftp.jamorr.com /top_flight_2000/flooringsolutionsinc/gallery jg-02-2565-L.jpg
2003.09.26 09:45 B C:\websites\flooringsolutionsinc\gallery\jg-02-2565-L_small.jpg --> ftp.jamorr.com /top_flight_2000/flooringsolutionsinc/gallery jg-02-2565-L_small.jpg
2003.09.26 09:45 B C:\websites\flooringsolutionsinc\gallery\JG-04SM.jpg --> ftp.jamorr.com /top_flight_2000/flooringsolutionsinc/gallery JG-04SM.jpg
2003.09.26 09:45 B C:\websites\flooringsolutionsinc\gallery\lobby.jpg --> ftp.jamorr.com /top_flight_2000/flooringsolutionsinc/gallery lobby.jpg
2003.09.26 09:45 B C:\websites\flooringsolutionsinc\gallery\lobby2.jpg --> ftp.jamorr.com /top_flight_2000/flooringsolutionsinc/gallery lobby2.jpg
2003.09.26 09:45 B C:\websites\flooringsolutionsinc\gallery\lobby2_small.jpg --> ftp.jamorr.com /top_flight_2000/flooringsolutionsinc/gallery lobby2_small.jpg
2003.09.26 09:45 B C:\websites\flooringsolutionsinc\gallery\lobby3.jpg --> ftp.jamorr.com /top_flight_2000/flooringsolutionsinc/gallery lobby3.jpg
2003.09.26 09:45 B C:\websites\flooringsolutionsinc\gallery\lobby3_small.jpg --> ftp.jamorr.com /top_flight_2000/flooringsolutionsinc/gallery lobby3_small.jpg
2003.09.26 09:45 B C:\websites\flooringsolutionsinc\gallery\lobby_small.jpg --> ftp.jamorr.com /top_flight_2000/flooringsolutionsinc/gallery lobby_small.jpg
2003.09.26 09:45 B C:\websites\flooringsolutionsinc\gallery\lunchroom.jpg --> ftp.jamorr.com /top_flight_2000/flooringsolutionsinc/gallery lunchroom.jpg
2003.09.26 09:45 B C:\websites\flooringsolutionsinc\gallery\lunchroom_small.jpg --> ftp.jamorr.com /top_flight_2000/flooringsolutionsinc/gallery lunchroom_small.jpg
2003.09.26 09:45 B C:\websites\flooringsolutionsinc\gallery\musicplace.jpg --> ftp.jamorr.com /top_flight_2000/flooringsolutionsinc/gallery musicplace.jpg
2003.09.26 09:45 B C:\websites\flooringsolutionsinc\gallery\musicplace2.jpg --> ftp.jamorr.com /top_flight_2000/flooringsolutionsinc/gallery musicplace2.jpg
2003.09.26 09:45 B C:\websites\flooringsolutionsinc\gallery\musicplace_small.jpg --> ftp.jamorr.com /top_flight_2000/flooringsolutionsinc/gallery musicplace_small.jpg
2003.09.26 09:45 B C:\websites\flooringsolutionsinc\gallery\office.jpg --> ftp.jamorr.com /top_flight_2000/flooringsolutionsinc/gallery office.jpg
2003.09.26 09:45 B C:\websites\flooringsolutionsinc\gallery\office2.jpg --> ftp.jamorr.com /top_flight_2000/flooringsolutionsinc/gallery office2.jpg
2003.09.26 09:45 B C:\websites\flooringsolutionsinc\gallery\office2_small.jpg --> ftp.jamorr.com /top_flight_2000/flooringsolutionsinc/gallery office2_small.jpg
2003.09.26 09:45 B C:\websites\flooringsolutionsinc\gallery\office4.jpg --> ftp.jamorr.com /top_flight_2000/flooringsolutionsinc/gallery office4.jpg
2003.09.26 09:45 B C:\websites\flooringsolutionsinc\gallery\office4_small.jpg --> ftp.jamorr.com /top_flight_2000/flooringsolutionsinc/gallery office4_small.jpg
2003.09.26 09:45 B C:\websites\flooringsolutionsinc\gallery\office4SM.jpg --> ftp.jamorr.com /top_flight_2000/flooringsolutionsinc/gallery office4SM.jpg
2003.09.26 09:45 B C:\websites\flooringsolutionsinc\gallery\office5.jpg --> ftp.jamorr.com /top_flight_2000/flooringsolutionsinc/gallery office5.jpg
2003.09.26 09:45 B C:\websites\flooringsolutionsinc\gallery\office5_small.jpg --> ftp.jamorr.com /top_flight_2000/flooringsolutionsinc/gallery office5_small.jpg
2003.09.26 09:45 B C:\websites\flooringsolutionsinc\gallery\office6.jpg --> ftp.jamorr.com /top_flight_2000/flooringsolutionsinc/gallery office6.jpg
2003.09.26 09:45 B C:\websites\flooringsolutionsinc\gallery\office6_small.jpg --> ftp.jamorr.com /top_flight_2000/flooringsolutionsinc/gallery office6_small.jpg
2003.09.26 09:45 B C:\websites\flooringsolutionsinc\gallery\office_small.jpg --> ftp.jamorr.com /top_flight_2000/flooringsolutionsinc/gallery office_small.jpg
2003.09.26 09:45 B C:\websites\flooringsolutionsinc\gallery\officepool.jpg --> ftp.jamorr.com /top_flight_2000/flooringsolutionsinc/gallery officepool.jpg
2003.09.26 09:45 B C:\websites\flooringsolutionsinc\gallery\officepool_small.jpg --> ftp.jamorr.com /top_flight_2000/flooringsolutionsinc/gallery officepool_small.jpg
2003.09.26 09:45 B C:\websites\flooringsolutionsinc\gallery\pond-hallway-4_small.jpg --> ftp.jamorr.com /top_flight_2000/flooringsolutionsinc/gallery pond-hallway-4_small.jpg
2003.09.26 09:45 B C:\websites\flooringsolutionsinc\gallery\pond4_small.jpg --> ftp.jamorr.com /top_flight_2000/flooringsolutionsinc/gallery pond4_small.jpg
2003.09.26 09:45 B C:\websites\flooringsolutionsinc\gallery\railroadtrack.jpg --> ftp.jamorr.com /top_flight_2000/flooringsolutionsinc/gallery railroadtrack.jpg
2003.09.26 09:45 B C:\websites\flooringsolutionsinc\gallery\railroadtrack_small.jpg --> ftp.jamorr.com /top_flight_2000/flooringsolutionsinc/gallery railroadtrack_small.jpg
2003.09.26 09:45 B C:\websites\flooringsolutionsinc\gallery\Scitor2a_small.jpg --> ftp.jamorr.com /top_flight_2000/flooringsolutionsinc/gallery Scitor2a_small.jpg
2003.09.26 09:45 B C:\websites\flooringsolutionsinc\gallery\ScitorR1a_small.jpg --> ftp.jamorr.com /top_flight_2000/flooringsolutionsinc/gallery ScitorR1a_small.jpg
2003.09.26 09:45 B C:\websites\flooringsolutionsinc\gallery\ScitorR2a_small.jpg --> ftp.jamorr.com /top_flight_2000/flooringsolutionsinc/gallery ScitorR2a_small.jpg
2003.09.26 09:45 B C:\websites\flooringsolutionsinc\gallery\ScitorR3a_small.jpg --> ftp.jamorr.com /top_flight_2000/flooringsolutionsinc/gallery ScitorR3a_small.jpg
2003.09.26 09:45 B C:\websites\flooringsolutionsinc\gallery\ScitorR5a_small.jpg --> ftp.jamorr.com /top_flight_2000/flooringsolutionsinc/gallery ScitorR5a_small.jpg
2003.09.26 09:45 B C:\websites\flooringsolutionsinc\gallery\ScitorR8a_small.jpg --> ftp.jamorr.com /top_flight_2000/flooringsolutionsinc/gallery ScitorR8a_small.jpg
2003.09.26 09:45 B C:\websites\flooringsolutionsinc\gallery\soccerball_small.jpg --> ftp.jamorr.com /top_flight_2000/flooringsolutionsinc/gallery soccerball_small.jpg
2003.09.26 09:45 B C:\websites\flooringsolutionsinc\gallery\SS-ES-021s.jpg --> ftp.jamorr.com /top_flight_2000/flooringsolutionsinc/gallery SS-ES-021s.jpg
2003.09.26 09:45 B C:\websites\flooringsolutionsinc\gallery\SS-ES-021s_small.jpg --> ftp.jamorr.com /top_flight_2000/flooringsolutionsinc/gallery SS-ES-021s_small.jpg
2003.09.26 09:45 B C:\websites\flooringsolutionsinc\gallery\Thumbs.db --> ftp.jamorr.com /top_flight_2000/flooringsolutionsinc/gallery Thumbs.db
2003.10.07 20:10 B C:\websites\flooringsolutionsinc\gallery\acli_small.jpg --> ftp-dom.earthlink.net /webdocs/gallery acli_small.jpg
2003.10.07 20:10 B C:\websites\flooringsolutionsinc\gallery\airplane.jpg --> ftp-dom.earthlink.net /webdocs/gallery airplane.jpg
2003.10.07 20:10 B C:\websites\flooringsolutionsinc\gallery\airplane_small.jpg --> ftp-dom.earthlink.net /webdocs/gallery airplane_small.jpg
2003.10.07 20:10 B C:\websites\flooringsolutionsinc\gallery\capitol.jpg --> ftp-dom.earthlink.net /webdocs/gallery capitol.jpg
2003.10.07 20:10 B C:\websites\flooringsolutionsinc\gallery\capitol_small.jpg --> ftp-dom.earthlink.net /webdocs/gallery capitol_small.jpg
2003.10.07 20:10 B C:\websites\flooringsolutionsinc\gallery\CapOne13-10a_small.jpg --> ftp-dom.earthlink.net /webdocs/gallery CapOne13-10a_small.jpg
2003.10.07 20:10 B C:\websites\flooringsolutionsinc\gallery\CapOne13-13a_small.jpg --> ftp-dom.earthlink.net /webdocs/gallery CapOne13-13a_small.jpg
2003.10.07 20:10 B C:\websites\flooringsolutionsinc\gallery\CapOne13-15a_small.jpg --> ftp-dom.earthlink.net /webdocs/gallery CapOne13-15a_small.jpg
2003.10.07 20:10 B C:\websites\flooringsolutionsinc\gallery\CapOne13-16a_small.jpg --> ftp-dom.earthlink.net /webdocs/gallery CapOne13-16a_small.jpg
2003.10.07 20:10 B C:\websites\flooringsolutionsinc\gallery\CapOne13-4a_small.jpg --> ftp-dom.earthlink.net /webdocs/gallery CapOne13-4a_small.jpg
2003.10.07 20:10 B C:\websites\flooringsolutionsinc\gallery\CapOne13-9a_small.jpg --> ftp-dom.earthlink.net /webdocs/gallery CapOne13-9a_small.jpg
2003.10.07 20:10 B C:\websites\flooringsolutionsinc\gallery\CapOne13a_small.jpg --> ftp-dom.earthlink.net /webdocs/gallery CapOne13a_small.jpg
2003.10.07 20:10 B C:\websites\flooringsolutionsinc\gallery\CapOne2frDining2a_small.jpg --> ftp-dom.earthlink.net /webdocs/gallery CapOne2frDining2a_small.jpg
2003.10.07 20:10 B C:\websites\flooringsolutionsinc\gallery\CapOne2frDining3a_small.jpg --> ftp-dom.earthlink.net /webdocs/gallery CapOne2frDining3a_small.jpg
2003.10.07 20:10 B C:\websites\flooringsolutionsinc\gallery\CapOne2frDining8a_small.jpg --> ftp-dom.earthlink.net /webdocs/gallery CapOne2frDining8a_small.jpg
2003.10.07 20:10 B C:\websites\flooringsolutionsinc\gallery\carpet1.jpg --> ftp-dom.earthlink.net /webdocs/gallery carpet1.jpg
2003.10.07 20:10 B C:\websites\flooringsolutionsinc\gallery\carpet2.jpg --> ftp-dom.earthlink.net /webdocs/gallery carpet2.jpg
2003.10.07 20:10 B C:\websites\flooringsolutionsinc\gallery\cfi.jpg --> ftp-dom.earthlink.net /webdocs/gallery cfi.jpg
2003.10.07 20:10 B C:\websites\flooringsolutionsinc\gallery\CH-029S.jpg --> ftp-dom.earthlink.net /webdocs/gallery CH-029S.jpg
2003.10.07 20:10 B C:\websites\flooringsolutionsinc\gallery\CH-029S_small.jpg --> ftp-dom.earthlink.net /webdocs/gallery CH-029S_small.jpg
2003.10.07 20:10 B C:\websites\flooringsolutionsinc\gallery\CH-036S.jpg --> ftp-dom.earthlink.net /webdocs/gallery CH-036S.jpg
2003.10.07 20:10 B C:\websites\flooringsolutionsinc\gallery\CH-036S_small.jpg --> ftp-dom.earthlink.net /webdocs/gallery CH-036S_small.jpg
2003.10.07 20:10 B C:\websites\flooringsolutionsinc\gallery\CH-039S.jpg --> ftp-dom.earthlink.net /webdocs/gallery CH-039S.jpg
2003.10.07 20:10 B C:\websites\flooringsolutionsinc\gallery\CH-039S_small.jpg --> ftp-dom.earthlink.net /webdocs/gallery CH-039S_small.jpg
2003.10.07 20:10 B C:\websites\flooringsolutionsinc\gallery\CH-042S.jpg --> ftp-dom.earthlink.net /webdocs/gallery CH-042S.jpg
2003.10.07 20:10 B C:\websites\flooringsolutionsinc\gallery\CH-042S_small.jpg --> ftp-dom.earthlink.net /webdocs/gallery CH-042S_small.jpg
2003.10.07 20:10 B C:\websites\flooringsolutionsinc\gallery\CH-046S.jpg --> ftp-dom.earthlink.net /webdocs/gallery CH-046S.jpg
2003.10.07 20:10 B C:\websites\flooringsolutionsinc\gallery\CH-046S_small.jpg --> ftp-dom.earthlink.net /webdocs/gallery CH-046S_small.jpg
2003.10.07 20:10 B C:\websites\flooringsolutionsinc\gallery\CH-047S.jpg --> ftp-dom.earthlink.net /webdocs/gallery CH-047S.jpg
2003.10.07 20:10 B C:\websites\flooringsolutionsinc\gallery\CH-047S_small.jpg --> ftp-dom.earthlink.net /webdocs/gallery CH-047S_small.jpg
2003.10.07 20:10 B C:\websites\flooringsolutionsinc\gallery\CH-048S.jpg --> ftp-dom.earthlink.net /webdocs/gallery CH-048S.jpg
2003.10.07 20:10 B C:\websites\flooringsolutionsinc\gallery\CH-048S_small.jpg --> ftp-dom.earthlink.net /webdocs/gallery CH-048S_small.jpg
2003.10.07 20:10 B C:\websites\flooringsolutionsinc\gallery\CH-050S.jpg --> ftp-dom.earthlink.net /webdocs/gallery CH-050S.jpg
2003.10.07 20:10 B C:\websites\flooringsolutionsinc\gallery\CH-050S_small.jpg --> ftp-dom.earthlink.net /webdocs/gallery CH-050S_small.jpg
2003.10.07 20:10 B C:\websites\flooringsolutionsinc\gallery\CH-052S.jpg --> ftp-dom.earthlink.net /webdocs/gallery CH-052S.jpg
2003.10.07 20:10 B C:\websites\flooringsolutionsinc\gallery\CH-052S_small.jpg --> ftp-dom.earthlink.net /webdocs/gallery CH-052S_small.jpg
2003.10.07 20:10 B C:\websites\flooringsolutionsinc\gallery\clouds.jpg --> ftp-dom.earthlink.net /webdocs/gallery clouds.jpg
2003.10.07 20:10 B C:\websites\flooringsolutionsinc\gallery\clouds_small.jpg --> ftp-dom.earthlink.net /webdocs/gallery clouds_small.jpg
2003.10.07 20:10 B C:\websites\flooringsolutionsinc\gallery\concrete.jpg --> ftp-dom.earthlink.net /webdocs/gallery concrete.jpg
2003.10.07 20:10 B C:\websites\flooringsolutionsinc\gallery\concrete2.jpg --> ftp-dom.earthlink.net /webdocs/gallery concrete2.jpg
2003.10.07 20:10 B C:\websites\flooringsolutionsinc\gallery\concrete3.jpg --> ftp-dom.earthlink.net /webdocs/gallery concrete3.jpg
2003.10.07 20:10 B C:\websites\flooringsolutionsinc\gallery\conf_room.jpg --> ftp-dom.earthlink.net /webdocs/gallery conf_room.jpg
2003.10.07 20:10 B C:\websites\flooringsolutionsinc\gallery\conf_room_small.jpg --> ftp-dom.earthlink.net /webdocs/gallery conf_room_small.jpg
2003.10.07 20:10 B C:\websites\flooringsolutionsinc\gallery\CovLife-Church-003.jpg --> ftp-dom.earthlink.net /webdocs/gallery CovLife-Church-003.jpg
2003.10.07 20:10 B C:\websites\flooringsolutionsinc\gallery\CovLife-Church-003_small.jpg --> ftp-dom.earthlink.net /webdocs/gallery CovLife-Church-003_small.jpg
2003.10.07 20:10 B C:\websites\flooringsolutionsinc\gallery\CovLife-Church-004.jpg --> ftp-dom.earthlink.net /webdocs/gallery CovLife-Church-004.jpg
2003.10.07 20:10 B C:\websites\flooringsolutionsinc\gallery\CovLife-Church-004_small.jpg --> ftp-dom.earthlink.net /webdocs/gallery CovLife-Church-004_small.jpg
2003.10.07 20:10 B C:\websites\flooringsolutionsinc\gallery\CovLife-Church-009.jpg --> ftp-dom.earthlink.net /webdocs/gallery CovLife-Church-009.jpg
2003.10.07 20:10 B C:\websites\flooringsolutionsinc\gallery\CovLife-Church-009_small.jpg --> ftp-dom.earthlink.net /webdocs/gallery CovLife-Church-009_small.jpg
2003.10.07 20:10 B C:\websites\flooringsolutionsinc\gallery\CovLife-Church-010.jpg --> ftp-dom.earthlink.net /webdocs/gallery CovLife-Church-010.jpg
2003.10.07 20:10 B C:\websites\flooringsolutionsinc\gallery\CovLife-Church-010_small.jpg --> ftp-dom.earthlink.net /webdocs/gallery CovLife-Church-010_small.jpg
2003.10.07 20:10 B C:\websites\flooringsolutionsinc\gallery\CovLife-Church-011.jpg --> ftp-dom.earthlink.net /webdocs/gallery CovLife-Church-011.jpg
2003.10.07 20:10 B C:\websites\flooringsolutionsinc\gallery\CovLife-Church-011_small.jpg --> ftp-dom.earthlink.net /webdocs/gallery CovLife-Church-011_small.jpg
2003.10.07 20:10 B C:\websites\flooringsolutionsinc\gallery\CovLife-Church-016.jpg --> ftp-dom.earthlink.net /webdocs/gallery CovLife-Church-016.jpg
2003.10.07 20:10 B C:\websites\flooringsolutionsinc\gallery\CovLife-Church-016_small.jpg --> ftp-dom.earthlink.net /webdocs/gallery CovLife-Church-016_small.jpg
2003.10.07 20:10 B C:\websites\flooringsolutionsinc\gallery\CovLife-Church-021.jpg --> ftp-dom.earthlink.net /webdocs/gallery CovLife-Church-021.jpg
2003.10.07 20:10 B C:\websites\flooringsolutionsinc\gallery\CovLife-Church-021_small.jpg --> ftp-dom.earthlink.net /webdocs/gallery CovLife-Church-021_small.jpg
2003.10.07 20:11 B C:\websites\flooringsolutionsinc\gallery\CovLife-Church-022.jpg --> ftp-dom.earthlink.net /webdocs/gallery CovLife-Church-022.jpg
2003.10.07 20:11 B C:\websites\flooringsolutionsinc\gallery\CovLife-Church-022_small.jpg --> ftp-dom.earthlink.net /webdocs/gallery CovLife-Church-022_small.jpg
2003.10.07 20:11 B C:\websites\flooringsolutionsinc\gallery\CovLife-Church-024.jpg --> ftp-dom.earthlink.net /webdocs/gallery CovLife-Church-024.jpg
2003.10.07 20:11 B C:\websites\flooringsolutionsinc\gallery\CovLife-Church-024_small.jpg --> ftp-dom.earthlink.net /webdocs/gallery CovLife-Church-024_small.jpg
2003.10.07 20:11 B C:\websites\flooringsolutionsinc\gallery\CovLife-Church-027.jpg --> ftp-dom.earthlink.net /webdocs/gallery CovLife-Church-027.jpg
2003.10.07 20:11 B C:\websites\flooringsolutionsinc\gallery\CovLife-Church-027_small.jpg --> ftp-dom.earthlink.net /webdocs/gallery CovLife-Church-027_small.jpg
2003.10.07 20:11 B C:\websites\flooringsolutionsinc\gallery\CovLife-Church-030.jpg --> ftp-dom.earthlink.net /webdocs/gallery CovLife-Church-030.jpg
2003.10.07 20:11 B C:\websites\flooringsolutionsinc\gallery\CovLife-Church-030_small.jpg --> ftp-dom.earthlink.net /webdocs/gallery CovLife-Church-030_small.jpg
2003.10.07 20:11 B C:\websites\flooringsolutionsinc\gallery\CovLife-Church-031.jpg --> ftp-dom.earthlink.net /webdocs/gallery CovLife-Church-031.jpg
2003.10.07 20:11 B C:\websites\flooringsolutionsinc\gallery\CovLife-Church-031_small.jpg --> ftp-dom.earthlink.net /webdocs/gallery CovLife-Church-031_small.jpg
2003.10.07 20:11 B C:\websites\flooringsolutionsinc\gallery\deccornerinlay.jpg --> ftp-dom.earthlink.net /webdocs/gallery deccornerinlay.jpg
2003.10.07 20:11 B C:\websites\flooringsolutionsinc\gallery\deccornerinlay_small.jpg --> ftp-dom.earthlink.net /webdocs/gallery deccornerinlay_small.jpg
2003.10.07 20:11 B C:\websites\flooringsolutionsinc\gallery\DSC00329a.jpg --> ftp-dom.earthlink.net /webdocs/gallery DSC00329a.jpg
2003.10.07 20:11 B C:\websites\flooringsolutionsinc\gallery\DSC00329a_small.jpg --> ftp-dom.earthlink.net /webdocs/gallery DSC00329a_small.jpg
2003.10.07 20:11 B C:\websites\flooringsolutionsinc\gallery\DSC00331a.jpg --> ftp-dom.earthlink.net /webdocs/gallery DSC00331a.jpg
2003.10.07 20:11 B C:\websites\flooringsolutionsinc\gallery\DSC00331a_small.jpg --> ftp-dom.earthlink.net /webdocs/gallery DSC00331a_small.jpg
2003.10.07 20:11 B C:\websites\flooringsolutionsinc\gallery\DSC00334a.jpg --> ftp-dom.earthlink.net /webdocs/gallery DSC00334a.jpg
2003.10.07 20:11 B C:\websites\flooringsolutionsinc\gallery\DSC00334a_small.jpg --> ftp-dom.earthlink.net /webdocs/gallery DSC00334a_small.jpg
2003.10.07 20:11 B C:\websites\flooringsolutionsinc\gallery\DSC00338a.jpg --> ftp-dom.earthlink.net /webdocs/gallery DSC00338a.jpg
2003.10.07 20:11 B C:\websites\flooringsolutionsinc\gallery\DSC00338a_small.jpg --> ftp-dom.earthlink.net /webdocs/gallery DSC00338a_small.jpg
2003.10.07 20:11 B C:\websites\flooringsolutionsinc\gallery\DSC00344a_small.jpg --> ftp-dom.earthlink.net /webdocs/gallery DSC00344a_small.jpg
2003.10.07 20:11 B C:\websites\flooringsolutionsinc\gallery\DSC00346a.jpg --> ftp-dom.earthlink.net /webdocs/gallery DSC00346a.jpg
2003.10.07 20:11 B C:\websites\flooringsolutionsinc\gallery\DSC00346a_small.jpg --> ftp-dom.earthlink.net /webdocs/gallery DSC00346a_small.jpg
2003.10.07 20:11 B C:\websites\flooringsolutionsinc\gallery\DSC00347a.jpg --> ftp-dom.earthlink.net /webdocs/gallery DSC00347a.jpg
2003.10.07 20:11 B C:\websites\flooringsolutionsinc\gallery\DSC00347a_small.jpg --> ftp-dom.earthlink.net /webdocs/gallery DSC00347a_small.jpg
2003.10.07 20:11 B C:\websites\flooringsolutionsinc\gallery\DSC00366a.jpg --> ftp-dom.earthlink.net /webdocs/gallery DSC00366a.jpg
2003.10.07 20:11 B C:\websites\flooringsolutionsinc\gallery\DSC00366a_small.jpg --> ftp-dom.earthlink.net /webdocs/gallery DSC00366a_small.jpg
2003.10.07 20:11 B C:\websites\flooringsolutionsinc\gallery\JG-02-2565-F.jpg --> ftp-dom.earthlink.net /webdocs/gallery JG-02-2565-F.jpg
2003.10.07 20:11 B C:\websites\flooringsolutionsinc\gallery\JG-02-2565-F_small.jpg --> ftp-dom.earthlink.net /webdocs/gallery JG-02-2565-F_small.jpg
2003.10.07 20:11 B C:\websites\flooringsolutionsinc\gallery\JG-02-2565-G.jpg --> ftp-dom.earthlink.net /webdocs/gallery JG-02-2565-G.jpg
2003.10.07 20:11 B C:\websites\flooringsolutionsinc\gallery\JG-02-2565-G_small.jpg --> ftp-dom.earthlink.net /webdocs/gallery JG-02-2565-G_small.jpg
2003.10.07 20:11 B C:\websites\flooringsolutionsinc\gallery\jg-02-2565-L.jpg --> ftp-dom.earthlink.net /webdocs/gallery jg-02-2565-L.jpg
2003.10.07 20:11 B C:\websites\flooringsolutionsinc\gallery\jg-02-2565-L_small.jpg --> ftp-dom.earthlink.net /webdocs/gallery jg-02-2565-L_small.jpg
2003.10.07 20:11 B C:\websites\flooringsolutionsinc\gallery\JG-04SM.jpg --> ftp-dom.earthlink.net /webdocs/gallery JG-04SM.jpg
2003.10.07 20:11 B C:\websites\flooringsolutionsinc\gallery\lobby.jpg --> ftp-dom.earthlink.net /webdocs/gallery lobby.jpg
2003.10.07 20:11 B C:\websites\flooringsolutionsinc\gallery\lobby2.jpg --> ftp-dom.earthlink.net /webdocs/gallery lobby2.jpg
2003.10.07 20:11 B C:\websites\flooringsolutionsinc\gallery\lobby2_small.jpg --> ftp-dom.earthlink.net /webdocs/gallery lobby2_small.jpg
2003.10.07 20:11 B C:\websites\flooringsolutionsinc\gallery\lobby3.jpg --> ftp-dom.earthlink.net /webdocs/gallery lobby3.jpg
2003.10.07 20:11 B C:\websites\flooringsolutionsinc\gallery\lobby3_small.jpg --> ftp-dom.earthlink.net /webdocs/gallery lobby3_small.jpg
2003.10.07 20:11 B C:\websites\flooringsolutionsinc\gallery\lobby_small.jpg --> ftp-dom.earthlink.net /webdocs/gallery lobby_small.jpg
2003.10.07 20:11 B C:\websites\flooringsolutionsinc\gallery\lunchroom.jpg --> ftp-dom.earthlink.net /webdocs/gallery lunchroom.jpg
2003.10.07 20:11 B C:\websites\flooringsolutionsinc\gallery\lunchroom_small.jpg --> ftp-dom.earthlink.net /webdocs/gallery lunchroom_small.jpg
2003.10.07 20:11 B C:\websites\flooringsolutionsinc\gallery\musicplace.jpg --> ftp-dom.earthlink.net /webdocs/gallery musicplace.jpg
2003.10.07 20:11 B C:\websites\flooringsolutionsinc\gallery\musicplace2.jpg --> ftp-dom.earthlink.net /webdocs/gallery musicplace2.jpg
2003.10.07 20:11 B C:\websites\flooringsolutionsinc\gallery\musicplace_small.jpg --> ftp-dom.earthlink.net /webdocs/gallery musicplace_small.jpg
2003.10.07 20:11 B C:\websites\flooringsolutionsinc\gallery\office.jpg --> ftp-dom.earthlink.net /webdocs/gallery office.jpg
2003.10.07 20:11 B C:\websites\flooringsolutionsinc\gallery\office2.jpg --> ftp-dom.earthlink.net /webdocs/gallery office2.jpg
2003.10.07 20:11 B C:\websites\flooringsolutionsinc\gallery\office2_small.jpg --> ftp-dom.earthlink.net /webdocs/gallery office2_small.jpg
2003.10.07 20:12 B C:\websites\flooringsolutionsinc\gallery\office4.jpg --> ftp-dom.earthlink.net /webdocs/gallery office4.jpg
2003.10.07 20:12 B C:\websites\flooringsolutionsinc\gallery\office4_small.jpg --> ftp-dom.earthlink.net /webdocs/gallery office4_small.jpg
2003.10.07 20:12 B C:\websites\flooringsolutionsinc\gallery\office4SM.jpg --> ftp-dom.earthlink.net /webdocs/gallery office4SM.jpg
2003.10.07 20:12 B C:\websites\flooringsolutionsinc\gallery\office5.jpg --> ftp-dom.earthlink.net /webdocs/gallery office5.jpg
2003.10.07 20:12 B C:\websites\flooringsolutionsinc\gallery\office5_small.jpg --> ftp-dom.earthlink.net /webdocs/gallery office5_small.jpg
2003.10.07 20:12 B C:\websites\flooringsolutionsinc\gallery\office6.jpg --> ftp-dom.earthlink.net /webdocs/gallery office6.jpg
2003.10.07 20:12 B C:\websites\flooringsolutionsinc\gallery\office6_small.jpg --> ftp-dom.earthlink.net /webdocs/gallery office6_small.jpg
2003.10.07 20:12 B C:\websites\flooringsolutionsinc\gallery\office_small.jpg --> ftp-dom.earthlink.net /webdocs/gallery office_small.jpg
2003.10.07 20:12 B C:\websites\flooringsolutionsinc\gallery\officepool.jpg --> ftp-dom.earthlink.net /webdocs/gallery officepool.jpg
2003.10.07 20:12 B C:\websites\flooringsolutionsinc\gallery\officepool_small.jpg --> ftp-dom.earthlink.net /webdocs/gallery officepool_small.jpg
2003.10.07 20:12 B C:\websites\flooringsolutionsinc\gallery\Picasa.ini --> ftp-dom.earthlink.net /webdocs/gallery Picasa.ini
2003.10.07 20:12 B C:\websites\flooringsolutionsinc\gallery\pond-hallway-4_small.jpg --> ftp-dom.earthlink.net /webdocs/gallery pond-hallway-4_small.jpg
2003.10.07 20:12 B C:\websites\flooringsolutionsinc\gallery\pond4_small.jpg --> ftp-dom.earthlink.net /webdocs/gallery pond4_small.jpg
2003.10.07 20:12 B C:\websites\flooringsolutionsinc\gallery\railroadtrack.jpg --> ftp-dom.earthlink.net /webdocs/gallery railroadtrack.jpg
2003.10.07 20:12 B C:\websites\flooringsolutionsinc\gallery\railroadtrack_small.jpg --> ftp-dom.earthlink.net /webdocs/gallery railroadtrack_small.jpg
2003.10.07 20:12 B C:\websites\flooringsolutionsinc\gallery\Scitor2a_small.jpg --> ftp-dom.earthlink.net /webdocs/gallery Scitor2a_small.jpg
2003.10.07 20:12 B C:\websites\flooringsolutionsinc\gallery\ScitorR1a_small.jpg --> ftp-dom.earthlink.net /webdocs/gallery ScitorR1a_small.jpg
2003.10.07 20:12 B C:\websites\flooringsolutionsinc\gallery\ScitorR2a_small.jpg --> ftp-dom.earthlink.net /webdocs/gallery ScitorR2a_small.jpg
2003.10.07 20:12 B C:\websites\flooringsolutionsinc\gallery\ScitorR3a_small.jpg --> ftp-dom.earthlink.net /webdocs/gallery ScitorR3a_small.jpg
2003.10.07 20:12 B C:\websites\flooringsolutionsinc\gallery\ScitorR5a_small.jpg --> ftp-dom.earthlink.net /webdocs/gallery ScitorR5a_small.jpg
2003.10.07 20:12 B C:\websites\flooringsolutionsinc\gallery\ScitorR8a_small.jpg --> ftp-dom.earthlink.net /webdocs/gallery ScitorR8a_small.jpg
2003.10.07 20:12 B C:\websites\flooringsolutionsinc\gallery\soccerball_small.jpg --> ftp-dom.earthlink.net /webdocs/gallery soccerball_small.jpg
2003.10.07 20:12 B C:\websites\flooringsolutionsinc\gallery\SS-ES-021s.jpg --> ftp-dom.earthlink.net /webdocs/gallery SS-ES-021s.jpg
2003.10.07 20:12 B C:\websites\flooringsolutionsinc\gallery\SS-ES-021s_small.jpg --> ftp-dom.earthlink.net /webdocs/gallery SS-ES-021s_small.jpg
2003.10.07 20:12 B C:\websites\flooringsolutionsinc\gallery\Thumbs.db --> ftp-dom.earthlink.net /webdocs/gallery Thumbs.db
